tucube: src/tucube_epoll_http.c: 167: Parser error
tucube: src/tucube_tcp_epoll.c: 193: tucube_tcp_epoll_Module_service() failed
tucube: src/tucube_epoll_http.c: 187: Client socket has been closed
tucube: src/tucube_tcp_epoll.c: 193: tucube_tcp_epoll_Module_service() failed
tucube: src/tucube_epoll_http.c: 175: Client socket EAGAIN
tucube: src/tucube_epoll_http_Parser.c: 311: A token is bigger than http_buffer
tucube: src/tucube_epoll_http.c: 167: Parser error
tucube: src/tucube_tcp_epoll.c: 193: tucube_tcp_epoll_Module_service() failed
tucube: src/tucube_epoll_http.c: 167: Parser error
tucube: src/tucube_tcp_epoll.c: 193: tucube_tcp_epoll_Module_service() failed
tucube: src/tucube_epoll_http.c: 167: Parser error
tucube: src/tucube_tcp_epoll.c: 193: tucube_tcp_epoll_Module_service() failed
tucube: src/tucube_epoll_http.c: 167: Parser error
tucube: src/tucube_tcp_epoll.c: 193: tucube_tcp_epoll_Module_service() failed
tucube: src/tucube_epoll_http.c: 187: Client socket has been closed
tucube: src/tucube_tcp_epoll.c: 193: tucube_tcp_epoll_Module_service() failed
tucube: src/tucube_epoll_http.c: 167: Parser error
tucube: src/tucube_tcp_epoll.c: 193: tucube_tcp_epoll_Module_service() failed
tucube: src/tucube_epoll_http.c: 167: Parser error
tucube: src/tucube_tcp_epoll.c: 193: tucube_tcp_epoll_Module_service() failed
tucube: src/tucube_epoll_http.c: 167: Parser error
tucube: src/tucube_tcp_epoll.c: 193: tucube_tcp_epoll_Module_service() failed
tucube: src/tucube_epoll_http.c: 167: Parser error
tucube: src/tucube_tcp_epoll.c: 193: tucube_tcp_epoll_Module_service() failed
tucube: src/tucube_epoll_http.c: 175: Client socket EAGAIN
tucube: src/tucube_epoll_http.c: 167: Parser error
tucube: src/tucube_tcp_epoll.c: 193: tucube_tcp_epoll_Module_service() failed
tucube: src/tucube_tcp_epoll.c: 185: Bad file descriptor
tucube: src/tucube_epoll_http.c: 167: Parser error
tucube: src/tucube_tcp_epoll.c: 193: tucube_tcp_epoll_Module_service() failed
tucube: src/tucube_epoll_http.c: 167: Parser error
tucube: src/tucube_tcp_epoll.c: 193: tucube_tcp_epoll_Module_service() failed
tucube: src/tucube_epoll_http.c: 167: Parser error
tucube: src/tucube_tcp_epoll.c: 193: tucube_tcp_epoll_Module_service() failed
tucube: src/tucube_epoll_http.c: 187: Client socket has been closed
tucube: src/tucube_tcp_epoll.c: 193: tucube_tcp_epoll_Module_service() failed
tucube: src/tucube_epoll_http.c: 167: Parser error
tucube: src/tucube_tcp_epoll.c: 193: tucube_tcp_epoll_Module_service() failed
tucube: src/tucube_epoll_http.c: 167: Parser error
tucube: src/tucube_tcp_epoll.c: 193: tucube_tcp_epoll_Module_service() failed
tucube: src/tucube_epoll_http.c: 167: Parser error
tucube: src/tucube_tcp_epoll.c: 193: tucube_tcp_epoll_Module_service() failed
tucube: src/tucube_epoll_http.c: 167: Parser error
tucube: src/tucube_tcp_epoll.c: 193: tucube_tcp_epoll_Module_service() failed
tucube: src/tucube_epoll_http.c: 167: Parser error
tucube: src/tucube_tcp_epoll.c: 193: tucube_tcp_epoll_Module_service() failed
tucube: src/tucube_epoll_http.c: 167: Parser error
tucube: src/tucube_tcp_epoll.c: 193: tucube_tcp_epoll_Module_service() failed
tucube: src/tucube_epoll_http.c: 175: Client socket EAGAIN
tucube: src/tucube_epoll_http.c: 167: Parser error
tucube: src/tucube_tcp_epoll.c: 193: tucube_tcp_epoll_Module_service() failed
tucube: src/tucube_epoll_http.c: 167: Parser error
tucube: src/tucube_tcp_epoll.c: 193: tucube_tcp_epoll_Module_service() failed
tucube: src/tucube_epoll_http.c: 175: Client socket EAGAIN
tucube: src/tucube_epoll_http_Parser.c: 311: A token is bigger than http_buffer
tucube: src/tucube_epoll_http.c: 167: Parser error
tucube: src/tucube_tcp_epoll.c: 193: tucube_tcp_epoll_Module_service() failed
tucube: src/tucube_epoll_http_Parser.c: 311: A token is bigger than http_buffer
tucube: src/tucube_epoll_http.c: 167: Parser error
tucube: src/tucube_tcp_epoll.c: 193: tucube_tcp_epoll_Module_service() failed
tucube: src/tucube_epoll_http_Parser.c: 311: A token is bigger than http_buffer
tucube: src/tucube_epoll_http.c: 167: Parser error
tucube: src/tucube_tcp_epoll.c: 193: tucube_tcp_epoll_Module_service() failed
tucube: src/tucube_epoll_http_Parser.c: 311: A token is bigger than http_buffer
tucube: src/tucube_epoll_http.c: 167: Parser error
tucube: src/tucube_tcp_epoll.c: 193: tucube_tcp_epoll_Module_service() failed
tucube: src/tucube_epoll_http_Parser.c: 311: A token is bigger than http_buffer
tucube: src/tucube_epoll_http.c: 167: Parser error
tucube: src/tucube_tcp_epoll.c: 193: tucube_tcp_epoll_Module_service() failed
tucube: src/tucube_epoll_http_Parser.c: 311: A token is bigger than http_buffer
tucube: src/tucube_epoll_http.c: 167: Parser error
tucube: src/tucube_tcp_epoll.c: 193: tucube_tcp_epoll_Module_service() failed
tucube: src/tucube_epoll_http_Parser.c: 311: A token is bigger than http_buffer
tucube: src/tucube_epoll_http.c: 167: Parser error
tucube: src/tucube_tcp_epoll.c: 193: tucube_tcp_epoll_Module_service() failed
tucube: src/tucube_epoll_http.c: 167: Parser error
tucube: src/tucube_tcp_epoll.c: 193: tucube_tcp_epoll_Module_service() failed
tucube: src/tucube_epoll_http_Parser.c: 311: A token is bigger than http_buffer
tucube: src/tucube_epoll_http.c: 167: Parser error
tucube: src/tucube_tcp_epoll.c: 193: tucube_tcp_epoll_Module_service() failed
tucube: src/tucube_epoll_http.c: 167: Parser error
tucube: src/tucube_tcp_epoll.c: 193: tucube_tcp_epoll_Module_service() failed
tucube: src/tucube_epoll_http.c: 187: Client socket has been closed
tucube: src/tucube_tcp_epoll.c: 193: tucube_tcp_epoll_Module_service() failed
tucube: src/tucube_epoll_http.c: 175: Client socket EAGAIN
*** Error in `tucube': free(): invalid next size (normal): 0x75b3bb90 ***
======= Backtrace: =========
/usr/lib/libc.so.6(+0x65180)[0x76da9180]
/usr/lib/libc.so.6(+0x6bc3c)[0x76dafc3c]
/usr/lib/libc.so.6(+0x6c5d8)[0x76db05d8]
======= Memory map: ========
00010000-00013000 r-xp 00000000 b3:02 808702     /usr/local/bin/tucube
00022000-00023000 rw-p 00002000 b3:02 808702     /usr/local/bin/tucube
0110d000-0112e000 rw-p 00000000 00:00 0          [heap]
74400000-74421000 rw-p 00000000 00:00 0 
74421000-74500000 ---p 00000000 00:00 0 
745b7000-746e7000 r-xp 00000000 b3:02 805813     /usr/lib/libstdc++.so.6.0.22
746e7000-746f7000 ---p 00130000 b3:02 805813     /usr/lib/libstdc++.so.6.0.22
746f7000-746fc000 r--p 00130000 b3:02 805813     /usr/lib/libstdc++.so.6.0.22
746fc000-746fe000 rw-p 00135000 b3:02 805813     /usr/lib/libstdc++.so.6.0.22
746fe000-74700000 rw-p 00000000 00:00 0 
74700000-74734000 rw-p 00000000 00:00 0 
74734000-74800000 ---p 00000000 00:00 0 
74865000-748cc000 r-xp 00000000 b3:02 805648     /usr/lib/libpcre.so.1.2.7
748cc000-748db000 ---p 00067000 b3:02 805648     /usr/lib/libpcre.so.1.2.7
748db000-748dc000 r--p 00066000 b3:02 805648     /usr/lib/libpcre.so.1.2.7
748dc000-748dd000 rw-p 00067000 b3:02 805648     /usr/lib/libpcre.so.1.2.7
748dd000-748f0000 r-xp 00000000 b3:02 924092     /usr/lib/lua/5.3/rapidjson.so
748f0000-748ff000 ---p 00013000 b3:02 924092     /usr/lib/lua/5.3/rapidjson.so
748ff000-74900000 rw-p 00012000 b3:02 924092     /usr/lib/lua/5.3/rapidjson.so
74900000-74901000 ---p 00000000 00:00 0 
74901000-75100000 rw-p 00000000 00:00 0          [stack:24318]
75100000-75101000 ---p 00000000 00:00 0 
75101000-75900000 rw-p 00000000 00:00 0          [stack:24317]
75900000-75934000 rw-p 00000000 00:00 0 
75934000-75a00000 ---p 00000000 00:00 0 
75a00000-75a3c000 rw-p 00000000 00:00 0 
75a3c000-75b00000 ---p 00000000 00:00 0 
75b00000-75b3f000 rw-p 00000000 00:00 0 
75b3f000-75c00000 ---p 00000000 00:00 0 
75c09000-75c0f000 r-xp 00000000 b3:02 924020     /usr/lib/lua/5.3/rex_pcre.so
75c0f000-75c1e000 ---p 00006000 b3:02 924020     /usr/lib/lua/5.3/rex_pcre.so
75c1e000-75c1f000 rw-p 00005000 b3:02 924020     /usr/lib/lua/5.3/rex_pcre.so
75c1f000-75c20000 ---p 00000000 00:00 0 
75c20000-7641f000 rw-p 00000000 00:00 0          [stack:24316]
7641f000-76420000 ---p 00000000 00:00 0 
76420000-76c1f000 rw-p 00000000 00:00 0          [stack:24315]
76c1f000-76c24000 r-xp 00000000 b3:02 810116     /usr/local/lib/tucube/tucube_http_lua.so
76c24000-76c33000 ---p 00005000 b3:02 810116     /usr/local/lib/tucube/tucube_http_lua.so
76c33000-76c34000 rw-p 00004000 b3:02 810116     /usr/local/lib/tucube/tucube_http_lua.so
76c34000-76c39000 r-xp 00000000 b3:02 810115     /usr/local/lib/tucube/tucube_epoll_http.so
76c39000-76c48000 ---p 00005000 b3:02 810115     /usr/local/lib/tucube/tucube_epoll_http.so
76c48000-76c49000 rw-p 00004000 b3:02 810115     /usr/local/lib/tucube/tucube_epoll_http.so
76c49000-76cb8000 r-xp 00000000 b3:02 805724     /usr/lib/libm-2.24.so
76cb8000-76cc7000 ---p 0006f000 b3:02 805724     /usr/lib/libm-2.24.so
76cc7000-76cc8000 r--p 0006e000 b3:02 805724     /usr/lib/libm-2.24.so
76cc8000-76cc9000 rw-p 0006f000 b3:02 805724     /usr/lib/libm-2.24.so
76cc9000-76cf4000 r-xp 00000000 b3:02 808864     /usr/lib/liblua.so.5.3.3
76cf4000-76d03000 ---p 0002b000 b3:02 808864     /usr/lib/liblua.so.5.3.3
76d03000-76d04000 r--p 0002a000 b3:02 808864     /usr/lib/liblua.so.5.3.3
76d04000-76d05000 rw-p 0002b000 b3:02 808864     /usr/lib/liblua.so.5.3.3
76d05000-76d08000 r-xp 00000000 b3:02 810113     /usr/local/lib/tucube/tucube_tcp_epoll.so
76d08000-76d17000 ---p 00003000 b3:02 810113     /usr/local/lib/tucube/tucube_tcp_epoll.so
76d17000-76d18000 rw-p 00002000 b3:02 810113     /usr/local/lib/tucube/tucube_tcp_epoll.so
76d18000-76d34000 r-xp 00000000 b3:02 805591     /usr/lib/libgcc_s.so.1
76d34000-76d43000 ---p 0001c000 b3:02 805591     /usr/lib/libgcc_s.so.1
76d43000-76d44000 rw-p 0001b000 b3:02 805591     /usr/lib/libgcc_s.so.1
76d44000-76e6d000 r-xp 00000000 b3:02 805379     /usr/lib/libc-2.24.so
76e6d000-76e7d000 ---p 00129000 b3:02 805379     /usr/lib/libc-2.24.so
76e7d000-76e7f000 r--p 00129000 b3:02 805379     /usr/lib/libc-2.24.so
76e7f000-76e80000 rw-p 0012b000 b3:02 805379     /usr/lib/libc-2.24.so
76e80000-76e83000 rw-p 00000000 00:00 0 
76e83000-76e8d000 r-xp 00000000 b3:02 810173     /usr/lib/libjansson.so.4.9.0
76e8d000-76e9c000 ---p 0000a000 b3:02 810173     /usr/lib/libjansson.so.4.9.0
76e9c000-76e9d000 r--p 00009000 b3:02 810173     /usr/lib/libjansson.so.4.9.0
76e9d000-76e9e000 rw-p 0000a000 b3:02 810173     /usr/lib/libjansson.so.4.9.0
76e9e000-76eb4000 r-xp 00000000 b3:02 805430     /usr/lib/libpthread-2.24.so
76eb4000-76ec3000 ---p 00016000 b3:02 805430     /usr/lib/libpthread-2.24.so
76ec3000-76ec4000 r--p 00015000 b3:02 805430     /usr/lib/libpthread-2.24.so
76ec4000-76ec5000 rw-p 00016000 b3:02 805430     /usr/lib/libpthread-2.24.so
76ec5000-76ec7000 rw-p 00000000 00:00 0 
76ec7000-76ecb000 r-xp 00000000 b3:02 806066     /usr/lib/libdl-2.24.so
76ecb000-76eda000 ---p 00004000 b3:02 806066     /usr/lib/libdl-2.24.so
76eda000-76edb000 r--p 00003000 b3:02 806066     /usr/lib/libdl-2.24.so
76edb000-76edc000 rw-p 00004000 b3:02 806066     /usr/lib/libdl-2.24.so
76edc000-76efc000 r-xp 00000000 b3:02 805756     /usr/lib/ld-2.24.so
76efd000-76eff000 rw-p 00000000 00:00 0 
76f08000-76f0b000 rw-p 00000000 00:00 0 
76f0b000-76f0c000 r--p 0001f000 b3:02 805756     /usr/lib/ld-2.24.so
76f0c000-76f0d000 rw-p 00020000 b3:02 805756     /usr/lib/ld-2.24.so
7e95c000-7e97d000 rw-p 00000000 00:00 0          [stack]
7eede000-7eedf000 r-xp 00000000 00:00 0          [sigpage]
7eedf000-7eee0000 r--p 00000000 00:00 0          [vvar]
7eee0000-7eee1000 r-xp 00000000 00:00 0          [vdso]
ffff0000-ffff1000 r-xp 00000000 00:00 0          [vectors]
